ncsim 15.20-s039
Linux 2.6.32-642.el6.x86_64 #1 SMP Tue May 10 17:27:01 UTC 2016 x86_64
CPU cores: 24
Limit information:
======================================
cputime			unlimited
filesize		unlimited
datasize		unlimited
stacksize		10240 kbytes
coredumpsize	0 kbytes
memoryuse		unlimited
vmemoryuse		unlimited
descriptors		4096
memorylocked	64 kbytes
maxproc			1024
======================================
(Special)Runtime environment variables:

Runtime environment variables:
USER=t107360216
LOGNAME=t107360216
HOME=/home/t107360216
PATH=/usr/cad/mentor/Tessent/cur/bin:/usr/cad/mentor/Catapult/cur//bin:/usr/cad/mentor/calibre/cur/bin:/usr/cad/synopsys/xa/cur/bin:/usr/cad/synopsys/verdi/cur/bin:/usr/cad/synopsys/verdi/cur/nLint/bin:/usr/cad/synopsys/tmax/cur/bin:/usr/bin/X11:/usr/cad/synopsys/coreConsultant/cur/bin:/usr/cad/synopsys/synthesis/cur/amd64/syn/bin:/usr/cad/synopsys/lc/cur/bin:/usr/cad/synopsys/spyglass/cur/SPYGLASS_HOME/bin:/usr/bin/X11:/usr/cad/synopsys/primetime/cur/amd64/syn/bin:/usr/cad/synopsys/formality/cur/bin:/usr/cad/cadence/STRATUS/cur/tools/bin:/usr/cad/cadence/JASPER/cur/bin:/usr/cad/cadence/JASPER/cur/bin:/usr/cad/cadence/JASPER/cur/bin:/usr/cad/cadence/JASPER/cur/bin:/usr/cad/cadence/JASPER/cur/bin:/usr/cad/cadence/INNOVUS/cur/tools/celtic/bin:/usr/cad/cadence/INNOVUS/cur/tools/plato/bin:/usr/cad/cadence/INNOVUS/cur/tools/dfII/bin:/usr/cad/cadence/INNOVUS/cur/tools/bin:/usr/cad/cadence/INNOVUS/cur//tools/tlfUtil/bin:/usr/cad/cadence/GENUS/cur/tools/bin:/usr/cad/cadence/INCISIV/cur/tools/bin:/usr/cad/cadence/INCISIV/cur/tools/vtools/vfault/bin:/usr/cad/cadence/INCISIV/cur/tools/dfII/bin:/bin:/usr/bin:/usr/ucb:/etc:.
MAIL=/var/spool/mail/t107360216
SHELL=/bin/tcsh
SSH_CLIENT=36.235.216.194 56507 22
SSH_CONNECTION=36.235.216.194 56507 140.124.72.29 22
SSH_TTY=/dev/pts/1
TERM=xterm
DISPLAY=localhost:10.0
SELINUX_ROLE_REQUESTED=
SELINUX_LEVEL_REQUESTED=
SELINUX_USE_CURRENT_RANGE=
HOSTTYPE=x86_64-linux
VENDOR=unknown
OSTYPE=linux
MACHTYPE=x86_64
SHLVL=1
PWD=/home/t107360216/Desktop/2022_summer/Lab5
GROUP=users
HOST=islabx6
REMOTEHOST=36-235-216-194.dynamic-ip.hinet.net
HOSTNAME=islabx6
LS_COLORS=rs=0:di=01;34:ln=01;36:mh=00:pi=40;33:so=01;35:do=01;35:bd=40;33;01:cd=40;33;01:or=40;31;01:mi=01;05;37;41:su=37;41:sg=30;43:ca=30;41:tw=30;42:ow=34;42:st=37;44:ex=01;32:*.tar=01;31:*.tgz=01;31:*.arj=01;31:*.taz=01;31:*.lzh=01;31:*.lzma=01;31:*.tlz=01;31:*.txz=01;31:*.zip=01;31:*.z=01;31:*.Z=01;31:*.dz=01;31:*.gz=01;31:*.lz=01;31:*.xz=01;31:*.bz2=01;31:*.tbz=01;31:*.tbz2=01;31:*.bz=01;31:*.tz=01;31:*.deb=01;31:*.rpm=01;31:*.jar=01;31:*.rar=01;31:*.ace=01;31:*.zoo=01;31:*.cpio=01;31:*.7z=01;31:*.rz=01;31:*.jpg=01;35:*.jpeg=01;35:*.gif=01;35:*.bmp=01;35:*.pbm=01;35:*.pgm=01;35:*.ppm=01;35:*.tga=01;35:*.xbm=01;35:*.xpm=01;35:*.tif=01;35:*.tiff=01;35:*.png=01;35:*.svg=01;35:*.svgz=01;35:*.mng=01;35:*.pcx=01;35:*.mov=01;35:*.mpg=01;35:*.mpeg=01;35:*.m2v=01;35:*.mkv=01;35:*.ogm=01;35:*.mp4=01;35:*.m4v=01;35:*.mp4v=01;35:*.vob=01;35:*.qt=01;35:*.nuv=01;35:*.wmv=01;35:*.asf=01;35:*.rm=01;35:*.rmvb=01;35:*.flc=01;35:*.avi=01;35:*.fli=01;35:*.flv=01;35:*.gl=01;35:*.dl=01;35:*.xcf=01;35:*.xwd=01;35:*.yuv=01;35:*.cgm=01;35:*.emf=01;35:*.axv=01;35:*.anx=01;35:*.ogv=01;35:*.ogx=01;35:*.aac=01;36:*.au=01;36:*.flac=01;36:*.mid=01;36:*.midi=01;36:*.mka=01;36:*.mp3=01;36:*.mpc=01;36:*.ogg=01;36:*.ra=01;36:*.wav=01;36:*.axa=01;36:*.oga=01;36:*.spx=01;36:*.xspf=01;36:
CVS_RSH=ssh
G_BROKEN_FILENAMES=1
SSH_ASKPASS=/usr/libexec/openssh/gnome-ssh-askpass
LANG=zh_TW.UTF-8
LESSOPEN=||/usr/bin/lesspipe.sh %s
QTDIR=/usr/lib64/qt-3.3
QTINC=/usr/lib64/qt-3.3/include
QTLIB=/usr/lib64/qt-3.3/lib
LD_LIBRARY_PATH=/usr/cad/synopsys/verdi/cur/etc/lib/libstdc++/LINUX64/:/usr/cad/synopsys/verdi/cur/share/PLI/IUS/LINUX:/:/usr/cad/cadence/STRATUS/cur/tools/lib:/usr/cad/cadence/INNOVUS/cur//tools/tlfUtil/lib:/usr/cad/cadence/GENUS/cur/tools/lib:/usr/cad/cadence/INCISIV/cur/tools/lib:/usr/cad/cadence/INCISIV/cur/tools/vtools/vfault/lib:/usr/openwin/lib:/usr/dt/lib:/usr/lib:/usr/local/lib
LM_LICENSE_FILE=1717@lshc:26585@lshc:5280@lshc:5280@lsncu:5280@lsntu:
ENCOUNTER=/usr/cad/cadence/INNOVUS/cur/tools/fe
FORMALITY=/usr/cad/synopsys/formality/cur
PRIMETIME=/usr/cad/synopsys/primetime/cur
SG_HTML_BROWSER=/usr/bin/mozilla
EDITOR=/usr/bin/vim
SYNTHESIS=/usr/cad/synopsys/synthesis/cur
SYN_MAN_DIR=/usr/cad/synopsys/synthesis/cur/doc/syn/man
MANPATH=/usr/cad/synopsys/synthesis/cur/doc/syn/man
SYNOPSYS_TMAX=/usr/cad/synopsys/tmax/cur
SHLIB_PATH=/usr/cad/synopsys/verdi/cur/etc/lib/libstdc++/LINUX64/
MGC_HOME=/usr/cad/mentor/calibre/cur
MGC_TMPDIR=/tmp
MGC_LOCATION_MAP=NO_MAP
_IRUNROOT_=/usr/cad/cadence/INCISIV/cur/tools
CDS_ARCH=lnx86
NCRUNMODE=ncverilog:./INCA_libs/irun.lnx86.15.20.nc
IRUNBATCH=FALSE
IMPERAS_PORT_FILE=.vsp_ovp_gdb_port
TCL_LIBRARY=/usr/cad/cadence/INCISIV/cur/tools/inca/files/tcl/library
Runtime command line arguments:
argv[0]=ncverilog
argv[1]=testfixture.v
argv[2]=LBP.v
argv[3]=+access+r
78 profile - 100
          CPU/Mem usage: 0.040 sys,  0.030 user,  61.34M sys,  0.00M vm
79 VC callback profile - scalar:0 vector:0
80 Mon Aug 29 12:02:53 2022
81 pliAppInit
82 FSDB_GATE is disabled.
83 Enable Parallel Dumping.
84 pliAppMiscSet: New Sim Round
85 pliEntryInit
86 LIBSSCORE=found /usr/cad/synopsys/verdi/cur/share/PLI/IUS/LINUX/libsscore_ius152.so through $LD_LIBRARY_PATH setting.
87 argv[0]: LBP.fsdb
88 FSDB Dumper for IUS, Release Verdi_Q-2020.03, Linux, 02/09/2020
89 (C) 1996 - 2020 by Synopsys, Inc.
90 sps_call_fsdbDumpfile at 0 : /home/t107360216/Desktop/2022_summer/Lab5/testfixture.v(46)
91 argv[0]: LBP.fsdb
92 *Verdi* FSDB WARNING: The FSDB file already exists. Overwriting the FSDB file may crash the programs that are using this file.
93 *Verdi* : Create FSDB file 'LBP.fsdb'
94 sps_call_fsdbDumpMDA at 0 : /home/t107360216/Desktop/2022_summer/Lab5/testfixture.v(47)
95 *Verdi* : Begin traversing the MDAs, layer (0).
96 *Verdi* : Enable +mda and +packedmda dumping.
97 *Verdi* : End of traversing the MDAs.
98 fsdbDumpMDA traverse var: profile - 
          CPU/Mem usage: 0.050 sys,  0.040 user,  143.78M sys,  0.00M vm
                   incr: 0.010 sys,  0.010 user,  3.62M sys,  0.00M vm
                   accu: 0.010 sys,  0.010 user,  3.62M sys,  0.00M vm
              accu incr: 0.010 sys,  0.010 user,  3.62M sys,  0.00M vm

          Count usage: 191 var,  191 idcode,  191 callback
                 incr: 191 var,  191 idcode,  191 callback
                 accu: 191 var,  191 idcode,  191 callback
            accu incr: 191 var,  191 idcode,  191 callback
99 VC callback profile - scalar:0 vector:0
100 Mon Aug 29 12:02:53 2022
101 fsdbDumpMDA: profile - 
          CPU/Mem usage: 0.050 sys,  0.040 user,  144.83M sys,  0.00M vm
                   incr: 0.000 sys,  0.000 user,  1.05M sys,  0.00M vm
                   accu: 0.010 sys,  0.010 user,  4.67M sys,  0.00M vm
              accu incr: 0.000 sys,  0.000 user,  1.05M sys,  0.00M vm

          Count usage: 191 var,  191 idcode,  191 callback
                 incr: 0 var,  0 idcode,  0 callback
                 accu: 191 var,  191 idcode,  191 callback
            accu incr: 0 var,  0 idcode,  0 callback
102 VC callback profile - scalar:0 vector:191
103 Mon Aug 29 12:02:53 2022
104 sps_call_fsdbDumpvars at 0 : /home/t107360216/Desktop/2022_summer/Lab5/testfixture.v(48)
105 *Verdi* : Begin traversing the scopes, layer (0).
106 *Verdi* : End of traversing.
107 fsdbDumpvars traverse var: profile - 
          CPU/Mem usage: 0.050 sys,  0.040 user,  144.83M sys,  0.00M vm
                   incr: 0.000 sys,  0.000 user,  0.00M sys,  0.00M vm
                   accu: 0.000 sys,  0.000 user,  0.00M sys,  0.00M vm
              accu incr: 0.000 sys,  0.000 user,  0.00M sys,  0.00M vm

          Count usage: 237 var,  230 idcode,  230 callback
                 incr: 46 var,  39 idcode,  39 callback
                 accu: 46 var,  39 idcode,  39 callback
            accu incr: 46 var,  39 idcode,  39 callback
108 VC callback profile - scalar:0 vector:191
109 Mon Aug 29 12:02:54 2022
110 fsdbDumpvars: profile - 
          CPU/Mem usage: 0.050 sys,  0.040 user,  144.83M sys,  0.00M vm
                   incr: 0.000 sys,  0.000 user,  0.00M sys,  0.00M vm
                   accu: 0.000 sys,  0.000 user,  0.00M sys,  0.00M vm
              accu incr: 0.000 sys,  0.000 user,  0.00M sys,  0.00M vm

          Count usage: 237 var,  230 idcode,  230 callback
                 incr: 0 var,  0 idcode,  0 callback
                 accu: 46 var,  39 idcode,  39 callback
            accu incr: 0 var,  0 idcode,  0 callback
111 VC callback profile - scalar:13 vector:217
112 Mon Aug 29 12:02:54 2022
113 End of simulation at 365500
114 VC callback profile - scalar:1776 vector:3080
115 Mon Aug 29 12:02:54 2022
116 Begin FSDB profile info:
117 FSDB Writer : bc1(1776) bcn(3080) mtf/stf(0/0)
FSDB Writer elapsed time : flush(0.077394) io wait(0.000000) theadpool wait(0.000000)
FSDB Writer cpu time : MT Compression : 0
118 End FSDB profile info
119 Parallel profile    -  Flush:4 Expand:0 ProduceWait:0 ConsumerWait:0 BlockUsed:1
120                        ProduceTime:0.110947945 ConsumerTime:0.000000000 Buffer:64MB
121 SimExit
122 Sim process exit
